#include "types.h"

//NAND TYPE: KIOXIA_BICS5_2
const u8 nifc_cmd_bin[1808] =
{
    // uCode Header Information
    0x32, 0x5f, 0x35, 0x53,
    0x43, 0x49, 0x42, 0x5f,
    0x41, 0x49, 0x58, 0x4f,
    0x49, 0x4b, 0x00, 0x00,
    0x31, 0x00, 0x00, 0x00,
    0x04, 0x34, 0x20, 0x14,
    0x12, 0x23, 0x00, 0x00,
    0x03, 0x00, 0x01, 0x00,

    // NIFC_CMD_RESET 1
    0x0b, 0x08, 0x00, 0x00, // , DLY_LOAD, Parameter(cycle)
    0xeb, 0x78, 0x00, 0x00, // , tCS, ns
    0x48, 0x05, 0x80, 0xff, // , 1, cycle
    0x00, 0x00, 0x00, 0x00, // , ,

    // NIFC_CMD_READ_ID 1
    0x3b, 0x08, 0x00, 0x00, // , DLY_LOAD, Parameter(cycle)
    0xeb, 0x78, 0x00, 0x00, // , tCS, ns
    0x48, 0x05, 0x00, 0x48, // , 1, cycle
    0x50, 0x05, 0x00, 0x03, // , 1, cycle
    0xeb, 0xe0, 0x01, 0x00, // , tWHR, ns
    0x1b, 0x15, 0x00, 0x00, // , tDQSRH, ns
    0x8b, 0x05, 0x00, 0x00, // , 1, cycle
    0x2b, 0x65, 0x00, 0x00, // , tRPRE-tDQSRH, ns
    0xf2, 0x13, 0x00, 0x01, // , 4, cycle
    0x2b, 0x79, 0x00, 0x00, // , tRPST, ns
    0x3b, 0x65, 0x00, 0x80, // , tRPSTH, ns
    0x00, 0x00, 0x00, 0x00, // , ,

    // NIFC_CMD_READ_PARAMETER_PAGE 1
    0x0b, 0x08, 0x00, 0x00, // , DLY_LOAD, Parameter(cycle)
    0xeb, 0x78, 0x00, 0x00, // , tCS, ns
    0x48, 0x05, 0x00, 0x76, // , 1, cycle
    0x58, 0x05, 0x00, 0xa0, // , 1, cycle

    // NIFC_CMD_FEATURE_SET 1
    0x3b, 0x08, 0x00, 0x00, // , DLY_LOAD, Parameter(cycle)
    0xeb, 0x78, 0x00, 0x00, // , tCS, ns
    0x48, 0x05, 0x80, 0x77, // , 1, cycle
    0x50, 0x05, 0x00, 0x03, // , 1, cycle
    0xeb, 0xb0, 0x04, 0x00, // , max(tADL,tCDQSS), ns
    0xfb, 0x64, 0x00, 0x00, // , tWPRE, ns
    0xe1, 0x11, 0x00, 0x01, // , 4, cycle
    0xfb, 0x78, 0x00, 0x00, // , tWPST, ns
    0x0b, 0x65, 0x00, 0x80, // , tWPSTH, ns
    0x00, 0x00, 0x00, 0x00, // , ,
    0x00, 0x00, 0x00, 0x00, // , ,
    0x00, 0x00, 0x00, 0x00, // , ,

    // NIFC_CMD_FEATURE_SET_BY_LUN 1
    0x3b, 0x08, 0x00, 0x00, // , DLY_LOAD, Parameter(cycle)
    0xeb, 0x78, 0x00, 0x00, // , tCS, ns
    0x48, 0x05, 0x80, 0x6a, // , 1, cycle
    0x50, 0x05, 0x80, 0x00, // , 1, cycle
    0x50, 0x05, 0x00, 0x03, // , 1, cycle
    0xeb, 0xb0, 0x04, 0x00, // , max(tADL,tCDQSS), ns
    0xfb, 0x64, 0x00, 0x00, // , tWPRE, ns
    0xe1, 0x11, 0x00, 0x01, // , 4, cycle
    0xfb, 0x78, 0x00, 0x00, // , tWPST, ns
    0x0b, 0x65, 0x00, 0x80, // , tWPSTH, ns
    0x00, 0x00, 0x00, 0x00, // , ,
    0x00, 0x00, 0x00, 0x00, // , ,

    // NIFC_CMD_FEATURE_GET 1
    0x3b, 0x08, 0x00, 0x00, // , DLY_LOAD, Parameter(cycle)
    0xeb, 0x78, 0x00, 0x00, // , tCS, ns
    0x48, 0x05, 0x00, 0x77, // , 1, cycle
    0x50, 0x05, 0x00, 0x03, // , 1, cycle
    0xeb, 0x80, 0x11, 0x00, // , tWB+tFEAT+tRR, ns
    0x1b, 0x15, 0x00, 0x00, // , tDQSRH, ns
    0x8b, 0x05, 0x00, 0x00, // , 1, cycle
    0x2b, 0x65, 0x00, 0x00, // , tRPRE-tDQSRH, ns
    0xf2, 0x11, 0x00, 0x01, // , 4, cycle
    0x2b, 0x79, 0x00, 0x00, // , tRPST, ns
    0x3b, 0x65, 0x00, 0x80, // , tRPSTH, ns
    0x00, 0x00, 0x00, 0x00, // , ,

    // NIFC_CMD_FEATURE_GET_BY_LUN 1
    0x3b, 0x08, 0x00, 0x00, // , DLY_LOAD, Parameter(cycle)
    0xeb, 0x78, 0x00, 0x00, // , tCS, ns
    0x48, 0x05, 0x00, 0x6a, // , 1, cycle
    0x50, 0x05, 0x80, 0x00, // , 1, cycle
    0x50, 0x05, 0x00, 0x03, // , 1, cycle
    0xeb, 0x80, 0x11, 0x00, // , tWHR+tFEAT, ns
    0x1b, 0x15, 0x00, 0x00, // , tDQSRH, ns
    0x8b, 0x05, 0x00, 0x00, // , 1, cycle
    0x2b, 0x65, 0x00, 0x00, // , tRPRE-tDQSRH, ns
    0xf2, 0x11, 0x00, 0x01, // , 4, cycle
    0x2b, 0x79, 0x00, 0x00, // , tRPST, ns
    0x3b, 0x65, 0x00, 0x80, // , tRPSTH, ns

    // NIFC_CMD_READ_STATUS lrFn
    0x3b, 0x08, 0x00, 0x00, // , DLY_LOAD, Parameter(cycle)
    0xeb, 0x78, 0x00, 0x00, // , tCS, ns
    0x40, 0x05, 0x00, 0x06, // , 1, cycle
    0xeb, 0x78, 0x00, 0x00, // , tCS, ns
    0x48, 0x05, 0x00, 0x38, // , 1, cycle
    0xeb, 0xe0, 0x01, 0x00, // , tWHR, ns
    0x1b, 0x15, 0x00, 0x00, // , tDQSRH, ns
    0x8b, 0x05, 0x00, 0x00, // , 1, cycle
    0x2b, 0x65, 0x00, 0x00, // , tRPRE-tDQSRH, ns
    0xf2, 0x05, 0x00, 0x01, // , 1, cycle
    0x2b, 0x79, 0x00, 0x00, // , tRPST, ns
    0x3b, 0x65, 0x00, 0x80, // , tRPSTH, ns

    // NIFC_CMD_READ_STATUS_BY_LUN 2
    0x3b, 0x08, 0x00, 0x00, // , DLY_LOAD, Parameter(cycle)
    0xeb, 0x78, 0x00, 0x00, // , tCS, ns
    0x48, 0x05, 0x00, 0x3c, // , 1, cycle
    0x50, 0x0d, 0x00, 0x04, // , 3, cycle
    0xa0, 0x05, 0x80, 0x05, // , 1, cycle
    0xeb, 0xe0, 0x01, 0x00, // , tWHR, ns
    0x1b, 0x15, 0x00, 0x00, // , tDQSRH, ns
    0x8b, 0x05, 0x00, 0x00, // , 1, cycle
    0x2b, 0x65, 0x00, 0x00, // , tRPRE-tDQSRH, ns
    0xf2, 0x05, 0x00, 0x01, // , 1, cycle
    0x2b, 0x79, 0x00, 0x00, // , tRPST, ns
    0x3b, 0x65, 0x00, 0x80, // , tRPSTH, ns

    // NIFC_CMD_READ_STATUS_BY_PLANE 1
    0x3b, 0x08, 0x00, 0x00, // , DLY_LOAD, Parameter(cycle)
    0xeb, 0x78, 0x00, 0x00, // , tCS, ns
    0x48, 0x05, 0x00, 0x3c, // , 1, cycle
    0x50, 0x0d, 0x00, 0x04, // , 3, cycle
    0xa0, 0x05, 0x80, 0x05, // , 1, cycle
    0xeb, 0xe0, 0x01, 0x00, // , tWHR, ns
    0x1b, 0x15, 0x00, 0x00, // , tDQSRH, ns
    0x8b, 0x05, 0x00, 0x00, // , 1, cycle
    0x2b, 0x65, 0x00, 0x00, // , tRPRE-tDQSRH, ns
    0xf2, 0x05, 0x00, 0x01, // , 1, cycle
    0x2b, 0x79, 0x00, 0x00, // , tRPST, ns
    0x3b, 0x65, 0x00, 0x80, // , tRPSTH, ns

    // NIFC_CMD_ERASE_BLOCK 1
    0x0b, 0x08, 0x00, 0x00, // , DLY_LOAD, Parameter(cycle)
    0xeb, 0x78, 0x00, 0x00, // , tCS, ns
    0x48, 0x05, 0x00, 0x30, // , 1, cycle
    0x50, 0x0d, 0x00, 0x04, // , 3, cycle
    0xa0, 0x05, 0x80, 0x05, // , 1, cycle
    0x48, 0x05, 0x00, 0xe8, // , 1, cycle
    0x00, 0x00, 0x00, 0x00, // , ,
    0x00, 0x00, 0x00, 0x00, // , ,

    // NIFC_CMD_ERASE_PREVIOUS_PLANE 1
    0x0b, 0x08, 0x00, 0x00, // , DLY_LOAD, Parameter(cycle)
    0xeb, 0x78, 0x00, 0x00, // , tCS, ns
    0x48, 0x05, 0x00, 0x30, // , 1, cycle
    0x50, 0x0d, 0x00, 0x04, // , 3, cycle
    0xa0, 0x05, 0x80, 0x85, // , 1, cycle
    0x00, 0x00, 0x00, 0x00, // , ,
    0x00, 0x00, 0x00, 0x00, // , ,
    0x00, 0x00, 0x00, 0x00, // , ,

    // NIFC_CMD_READ 1
    0x0b, 0x08, 0x00, 0x00, // , DLY_LOAD, Parameter(cycle)
    0xeb, 0x78, 0x00, 0x00, // , tCS, ns
    0x48, 0x05, 0x00, 0x00, // , 1, cycle
    0x50, 0x15, 0x00, 0x03, // , 5, cycle
    0xa0, 0x05, 0x80, 0x05, // , 1, cycle
    0x48, 0x05, 0x00, 0x98, // , 1, cycle
    0x00, 0x00, 0x00, 0x00, // , ,
    0x00, 0x00, 0x00, 0x00, // , ,

    // NIFC_CMD_READ_PREVIOUS_PLANE 1
    0x0b, 0x08, 0x00, 0x00, // , DLY_LOAD, Parameter(cycle)
    0xeb, 0x78, 0x00, 0x00, // , tCS, ns
    0x48, 0x05, 0x00, 0x00, // , 1, cycle
    0x50, 0x15, 0x00, 0x03, // , 5, cycle
    0xa0, 0x05, 0x80, 0x05, // , 1, cycle
    0x48, 0x05, 0x00, 0x99, // , 1, cycle
    0x00, 0x00, 0x00, 0x00, // , ,
    0x00, 0x00, 0x00, 0x00, // , ,

    // NIFC_CMD_READ_CACHE 1
    0x0b, 0x08, 0x00, 0x00, // , DLY_LOAD, Parameter(cycle)
    0xeb, 0x78, 0x00, 0x00, // , tCS, ns
    0x48, 0x05, 0x00, 0x00, // , 1, cycle
    0x50, 0x15, 0x00, 0x03, // , 5, cycle
    0xa0, 0x05, 0x80, 0x05, // , 1, cycle
    0x48, 0x05, 0x80, 0x98, // , 1, cycle
    0x00, 0x00, 0x00, 0x00, // , ,
    0x00, 0x00, 0x00, 0x00, // , ,

    // NIFC_CMD_READ_CACHE_LAST 1
    0x0b, 0x08, 0x00, 0x00, // , DLY_LOAD, Parameter(cycle)
    0xeb, 0x78, 0x00, 0x00, // , tCS, ns
    0x48, 0x05, 0x80, 0x9f, // , 1, cycle
    0x00, 0x00, 0x00, 0x00, // , ,

    // NIFC_CMD_PROGRAM_PAGE_SLC_1_PLANE non_tar
    0x0b, 0x08, 0x00, 0x00, // , DLY_LOAD, Parameter(cycle)
    0xeb, 0x78, 0x00, 0x00, // , tCS, ns
    0x48, 0x05, 0x00, 0x40, // , 1, cycle
    0x50, 0x15, 0x00, 0x03, // , 5, cycle
    0xa0, 0x05, 0x80, 0x05, // , 1, cycle
    0xeb, 0xb0, 0x04, 0x00, // , max(tADL,tCDQSS), ns
    0xcb, 0x04, 0x00, 0x00, // , tODTS, ns
    0xfb, 0x74, 0x00, 0x00, // , tODTH, ns
    0x65, 0x13, 0x00, 0x00, // , 4, cycle
    0xfb, 0x04, 0x00, 0x00, // , tODTOFFW, ns
    0xcb, 0x74, 0x00, 0x00, // , tODT2CA, ns
    0x98, 0x05, 0x00, 0x08, // , 1, cycle
    0x0b, 0x91, 0x01, 0x80, // , tCDQSH, ns
    0x00, 0x00, 0x00, 0x00, // , ,
    0x00, 0x00, 0x00, 0x00, // , ,
    0x00, 0x00, 0x00, 0x00, // , ,

    // NIFC_CMD_PROGRAM_CACHE_SLC_1_PLANE non_tar
    0x0b, 0x08, 0x00, 0x00, // , DLY_LOAD, Parameter(cycle)
    0xeb, 0x78, 0x00, 0x00, // , tCS, ns
    0x48, 0x05, 0x00, 0x40, // , 1, cycle
    0x50, 0x15, 0x00, 0x03, // , 5, cycle
    0xa0, 0x05, 0x80, 0x05, // , 1, cycle
    0xeb, 0xb0, 0x04, 0x00, // , max(tADL,tCDQSS), ns
    0xcb, 0x04, 0x00, 0x00, // , tODTS, ns
    0xfb, 0x74, 0x00, 0x00, // , tODTH, ns
    0x65, 0x13, 0x00, 0x00, // , 4, cycle
    0xfb, 0x04, 0x00, 0x00, // , tODTOFFW, ns
    0xcb, 0x74, 0x00, 0x00, // , tODT2CA, ns
    0x98, 0x05, 0x80, 0x0a, // , 1, cycle
    0x0b, 0x91, 0x01, 0x80, // , tCDQSH, ns
    0x00, 0x00, 0x00, 0x00, // , ,
    0x00, 0x00, 0x00, 0x00, // , ,
    0x00, 0x00, 0x00, 0x00, // , ,

    // NIFC_CMD_PROGRAM_PAGE_MLC_1_PLANE non_tar_1
    0x0b, 0x08, 0x00, 0x00, // , DLY_LOAD, Parameter(cycle)
    0xeb, 0x78, 0x00, 0x00, // , tCS, ns
    0x48, 0x05, 0x00, 0x40, // , 1, cycle
    0x50, 0x15, 0x00, 0x03, // , 5, cycle
    0xa0, 0x05, 0x80, 0x05, // , 1, cycle
    0xeb, 0xb0, 0x04, 0x00, // , max(tADL,tCDQSS), ns
    0xcb, 0x04, 0x00, 0x00, // , tODTS, ns
    0xfb, 0x74, 0x00, 0x00, // , tODTH, ns
    0x65, 0x13, 0x00, 0x00, // , 4, cycle
    0xfb, 0x04, 0x00, 0x00, // , tODTOFFW, ns
    0xcb, 0x74, 0x00, 0x00, // , tODT2CA, ns
    0x90, 0x05, 0x00, 0x01, // , 1, cycle
    0x0b, 0x91, 0x01, 0x80, // , tCDQSH, ns
    0x00, 0x00, 0x00, 0x00, // , ,
    0x00, 0x00, 0x00, 0x00, // , ,
    0x00, 0x00, 0x00, 0x00, // , ,

    // NIFC_CMD_PROGRAM_PAGE_1ST_PLANE non_tar
    0x0b, 0x08, 0x00, 0x00, // , DLY_LOAD, Parameter(cycle)
    0xeb, 0x78, 0x00, 0x00, // , tCS, ns
    0x48, 0x05, 0x00, 0x40, // , 1, cycle
    0x50, 0x15, 0x00, 0x03, // , 5, cycle
    0xa0, 0x05, 0x80, 0x05, // , 1, cycle
    0xeb, 0xb0, 0x04, 0x00, // , max(tADL,tCDQSS), ns
    0xcb, 0x04, 0x00, 0x00, // , tODTS, ns
    0xfb, 0x74, 0x00, 0x00, // , tODTH, ns
    0x65, 0x13, 0x00, 0x00, // , 4, cycle
    0xfb, 0x04, 0x00, 0x00, // , tODTOFFW, ns
    0xcb, 0x74, 0x00, 0x00, // , tODT2CA, ns
    0x98, 0x05, 0x80, 0x08, // , 1, cycle
    0x0b, 0x91, 0x01, 0x80, // , tCDQSH, ns
    0x00, 0x00, 0x00, 0x00, // , ,
    0x00, 0x00, 0x00, 0x00, // , ,
    0x00, 0x00, 0x00, 0x00, // , ,

    // NIFC_CMD_PROGRAM_PAGE_MID_PLANE 1
    0x0b, 0x08, 0x00, 0x00, // , DLY_LOAD, Parameter(cycle)
    0xeb, 0x78, 0x00, 0x00, // , tCS, ns
    0x48, 0x05, 0x00, 0x40, // , 1, cycle
    0x50, 0x15, 0x00, 0x03, // , 5, cycle
    0xa0, 0x05, 0x80, 0x05, // , 1, cycle
    0xeb, 0xb0, 0x04, 0x00, // , max(tADL,tCDQSS), ns
    0xfb, 0x64, 0x00, 0x00, // , tWPRE, ns
    0x65, 0x13, 0x00, 0x00, // , 4, cycle
    0xfb, 0x78, 0x00, 0x00, // , tWPST, ns
    0x0b, 0x65, 0x00, 0x00, // , tWPSTH, ns
    0x98, 0x05, 0x80, 0x08, // , 1, cycle
    0x0b, 0x91, 0x01, 0x80, // , tCDQSH, ns

    // NIFC_CMD_PROGRAM_PAGE_SLC_LAST_PLANE non_tar
    0x0b, 0x08, 0x00, 0x00, // , DLY_LOAD, Parameter(cycle)
    0xeb, 0x78, 0x00, 0x00, // , tCS, ns
    0x48, 0x05, 0x00, 0x40, // , 1, cycle
    0x50, 0x15, 0x00, 0x03, // , 5, cycle
    0xa0, 0x05, 0x80, 0x05, // , 1, cycle
    0xeb, 0xb0, 0x04, 0x00, // , max(tADL,tCDQSS), ns
    0xcb, 0x04, 0x00, 0x00, // , tODTS, ns
    0xfb, 0x74, 0x00, 0x00, // , tODTH, ns
    0x65, 0x13, 0x00, 0x00, // , 4, cycle
    0xfb, 0x04, 0x00, 0x00, // , tODTOFFW, ns
    0xcb, 0x74, 0x00, 0x00, // , tODT2CA, ns
    0x98, 0x05, 0x00, 0x08, // , 1, cycle
    0x0b, 0x91, 0x01, 0x80, // , tCDQSH, ns
    0x00, 0x00, 0x00, 0x00, // , ,
    0x00, 0x00, 0x00, 0x00, // , ,
    0x00, 0x00, 0x00, 0x00, // , ,

    // NIFC_CMD_PROGRAM_CACHE_SLC_LAST_PLANE non_tar
    0x0b, 0x08, 0x00, 0x00, // , DLY_LOAD, Parameter(cycle)
    0xeb, 0x78, 0x00, 0x00, // , tCS, ns
    0x48, 0x05, 0x00, 0x40, // , 1, cycle
    0x50, 0x15, 0x00, 0x03, // , 5, cycle
    0xa0, 0x05, 0x80, 0x05, // , 1, cycle
    0xeb, 0xb0, 0x04, 0x00, // , max(tADL,tCDQSS), ns
    0xcb, 0x04, 0x00, 0x00, // , tODTS, ns
    0xfb, 0x74, 0x00, 0x00, // , tODTH, ns
    0x65, 0x13, 0x00, 0x00, // , 4, cycle
    0xfb, 0x04, 0x00, 0x00, // , tODTOFFW, ns
    0xcb, 0x74, 0x00, 0x00, // , tODT2CA, ns
    0x98, 0x05, 0x80, 0x0a, // , 1, cycle
    0x0b, 0x91, 0x01, 0x80, // , tCDQSH, ns
    0x00, 0x00, 0x00, 0x00, // , ,
    0x00, 0x00, 0x00, 0x00, // , ,
    0x00, 0x00, 0x00, 0x00, // , ,

    // NIFC_CMD_PROGRAM_PAGE_MLC_LAST_PLANE non_tar_1
    0x0b, 0x08, 0x00, 0x00, // , DLY_LOAD, Parameter(cycle)
    0xeb, 0x78, 0x00, 0x00, // , tCS, ns
    0x48, 0x05, 0x00, 0x40, // , 1, cycle
    0x50, 0x15, 0x00, 0x03, // , 5, cycle
    0xa0, 0x05, 0x80, 0x05, // , 1, cycle
    0xeb, 0xb0, 0x04, 0x00, // , max(tADL,tCDQSS), ns
    0xcb, 0x04, 0x00, 0x00, // , tODTS, ns
    0xfb, 0x74, 0x00, 0x00, // , tODTH, ns
    0x65, 0x13, 0x00, 0x00, // , 4, cycle
    0xfb, 0x04, 0x00, 0x00, // , tODTOFFW, ns
    0xcb, 0x74, 0x00, 0x00, // , tODT2CA, ns
    0x90, 0x05, 0x00, 0x01, // , 1, cycle
    0x0b, 0x91, 0x01, 0x80, // , tCDQSH, ns
    0x00, 0x00, 0x00, 0x00, // , ,
    0x00, 0x00, 0x00, 0x00, // , ,
    0x00, 0x00, 0x00, 0x00, // , ,

    // NIFC_CMD_PROGRAM_SLC_1P0V 1
    0x3b, 0x08, 0x00, 0x00, // , DLY_LOAD, Parameter(cycle)
    0xeb, 0x78, 0x00, 0x00, // , tCS, ns
    0x48, 0x05, 0x00, 0xdb, // , 1, cycle
    0x00, 0x00, 0x00, 0x00, // , ,

    // NIFC_CMD_DATA_OUT_BY_COL 1
    0x0b, 0x08, 0x00, 0x00, // , DLY_LOAD, Parameter(cycle)
    0xeb, 0x78, 0x00, 0x00, // , tCS, ns
    0x48, 0x05, 0x80, 0x02, // , 1, cycle
    0x50, 0x09, 0x00, 0x03, // , 2, cycle
    0x48, 0x05, 0x00, 0x70, // , 1, cycle
    0xeb, 0x40, 0x06, 0x00, // , tCCS, ns
    0x1b, 0x15, 0x00, 0x00, // , tDQSRH, ns
    0x8b, 0x05, 0x00, 0x00, // , 1, cycle
    0x2b, 0x65, 0x00, 0x00, // , tRPRE-tDQSRH, ns
    0x76, 0x13, 0x00, 0x00, // , 4, cycle
    0x2b, 0x79, 0x00, 0x00, // , tRPST, ns
    0x3b, 0x65, 0x00, 0x80, // , tRPSTH, ns

    // NIFC_CMD_DATA_OUT non_tar_2
    0x0b, 0x08, 0x00, 0x00, // , DLY_LOAD, Parameter(cycle)
    0xeb, 0x78, 0x00, 0x00, // , tCS, ns
    0x48, 0x05, 0x00, 0x3c, // , 1, cycle
    0x50, 0x0d, 0x00, 0x04, // , 3, cycle
    0xa0, 0x05, 0x80, 0x05, // , 1, cycle
    0xeb, 0x90, 0x01, 0x00, // , tWB, ns
    0x48, 0x05, 0x80, 0x02, // , 1, cycle
    0x50, 0x15, 0x00, 0x03, // , 5, cycle
    0xa0, 0x05, 0x80, 0x05, // , 1, cycle
    0x48, 0x05, 0x00, 0x70, // , 1, cycle
    0xeb, 0x40, 0x06, 0x00, // , tCCS, ns
    0xeb, 0x04, 0x00, 0x00, // , tODTS, ns
    0x1b, 0x75, 0x00, 0x00, // , tODTH, ns
    0x8b, 0x05, 0x00, 0x00, // , 1, cycle
    0x2b, 0x65, 0x00, 0x00, // , tRPRE-tDQSRH, ns
    0x76, 0x13, 0x00, 0x00, // , 4, cycle
    0x2b, 0x55, 0x00, 0x00, // , tODTOFFR, ns
    0x3b, 0x75, 0x00, 0x80, // , tODT2CA, ns
    0x00, 0x00, 0x00, 0x00, // , ,
    0x00, 0x00, 0x00, 0x00, // , ,

    // NIFC_CMD_DATA_BUFFER_IN non_tar
    0x0b, 0x08, 0x00, 0x00, // , DLY_LOAD, Parameter(cycle)
    0xeb, 0x78, 0x00, 0x00, // , tCS, ns
    0x48, 0x05, 0x80, 0x42, // , 1, cycle
    0x50, 0x15, 0x00, 0x03, // , 5, cycle
    0xa0, 0x05, 0x80, 0x05, // , 1, cycle
    0xeb, 0xb0, 0x04, 0x00, // , max(tADL,tCDQSS), ns
    0xcb, 0x04, 0x00, 0x00, // , tODTS, ns
    0xfb, 0x74, 0x00, 0x00, // , tODTH, ns
    0x65, 0x13, 0x00, 0x00, // , 4, cycle
    0xfb, 0x04, 0x00, 0x00, // , tODTOFFW, ns
    0xcb, 0x74, 0x00, 0x00, // , tODT2CA, ns
    0x98, 0x05, 0x80, 0x08, // , 1, cycle
    0x0b, 0x91, 0x01, 0x80, // , tCDQSH, ns
    0x00, 0x00, 0x00, 0x00, // , ,
    0x00, 0x00, 0x00, 0x00, // , ,
    0x00, 0x00, 0x00, 0x00, // , ,

    // NIFC_CMD_SLC_MODE 1
    0x0b, 0x08, 0x00, 0x00, // , DLY_LOAD, Parameter(cycle)
    0xeb, 0x78, 0x00, 0x00, // , tCS, ns
    0x48, 0x05, 0x00, 0xd1, // , 1, cycle
    0x00, 0x00, 0x00, 0x00, // , ,

    // NIFC_CMD_PAGE_TYPE_SELECT 1
    0x0b, 0x08, 0x00, 0x00, // , DLY_LOAD, Parameter(cycle)
    0xeb, 0x78, 0x00, 0x00, // , tCS, ns
    0x40, 0x05, 0x80, 0x86, // , 1, cycle
    0x00, 0x00, 0x00, 0x00, // , ,

    // NIFC_CMD_SPECIAL_COMMAND 1
    0x0b, 0x08, 0x00, 0x00, // , DLY_LOAD, Parameter(cycle)
    0xeb, 0x78, 0x00, 0x00, // , tCS, ns
    0x40, 0x05, 0x00, 0x82, // , 1, cycle
    0x00, 0x00, 0x00, 0x00, // , ,

    // NIFC_CMD_ZQ_CALIBRATION_LONG 1
    0x0b, 0x08, 0x00, 0x00, // , DLY_LOAD, Parameter(cycle)
    0xeb, 0x78, 0x00, 0x00, // , tCS, ns
    0x48, 0x05, 0x80, 0x7c, // , 1, cycle
    0x50, 0x05, 0x80, 0x80, // , 1, cycle

    // NIFC_CMD_ZQ_CALIBRATION_SHORT 1
    0x0b, 0x08, 0x00, 0x00, // , DLY_LOAD, Parameter(cycle)
    0xeb, 0x78, 0x00, 0x00, // , tCS, ns
    0x48, 0x05, 0x80, 0x6c, // , 1, cycle
    0x50, 0x05, 0x80, 0x80, // , 1, cycle

    // NIFC_CMD_DO_NOTHING 1
    0x0b, 0x08, 0x00, 0x80, // , DLY_LOAD, Parameter(cycle)
    0x00, 0x00, 0x00, 0x00, // , ,
    0x00, 0x00, 0x00, 0x00, // , ,
    0x00, 0x00, 0x00, 0x00, // , ,

    // NIFC_CMD_READ_TEMPERATURE_CODE p12
    0x0b, 0x08, 0x00, 0x00, // , DLY_LOAD, Parameter(cycle)
    0xeb, 0x78, 0x00, 0x00, // , tCS, ns
    0x40, 0x05, 0x00, 0x06, // , 1, cycle
    0x0b, 0x08, 0x00, 0x00, // , DLY_LOAD, Parameter(cycle)
    0xeb, 0x78, 0x00, 0x00, // , tCS, ns
    0x48, 0x05, 0x80, 0xdc, // , 1, cycle
    0x00, 0x00, 0x00, 0x00, // , ,
    0x00, 0x00, 0x00, 0x00, // , ,

    // NIFC_CMD_OUTPUT_TEMPERATURE_CODE lr
    0x3b, 0x08, 0x00, 0x00, // , DLY_LOAD, Parameter(cycle)
    0xeb, 0x78, 0x00, 0x00, // , tCS, ns
    0x48, 0x05, 0x00, 0x3e, // , 1, cycle
    0xeb, 0xe0, 0x01, 0x00, // , tWHR, ns
    0x1b, 0x15, 0x00, 0x00, // , tDQSRH, ns
    0x8b, 0xe1, 0x01, 0x00, // , tWHR, ns
    0x2b, 0x65, 0x00, 0x00, // , tRPRE-tDQSRH, ns
    0xf2, 0x05, 0x00, 0x01, // , 1, cycle
    0x2b, 0x79, 0x00, 0x00, // , tRPST, ns
    0x3b, 0x65, 0x00, 0x80, // , tRPSTH, ns
    0x00, 0x00, 0x00, 0x00, // , ,
    0x00, 0x00, 0x00, 0x00, // , ,

    // NIFC_CMD_DCC_DATA_OUT 2
    0x0b, 0x08, 0x00, 0x00, // , DLY_LOAD, Parameter(cycle)
    0xeb, 0x78, 0x00, 0x00, // , tCS, ns
    0x48, 0x05, 0x80, 0x02, // , 1, cycle
    0x50, 0x15, 0x00, 0x03, // , 5, cycle
    0xa0, 0x05, 0x80, 0x05, // , 1, cycle
    0x48, 0x05, 0x00, 0x70, // , 1, cycle
    0xeb, 0x40, 0x06, 0x00, // , tCCS, ns
    0x1b, 0x15, 0x00, 0x00, // , tDQSRH, ns
    0x8b, 0x05, 0x00, 0x00, // , 1, cycle
    0x2b, 0x65, 0x00, 0x00, // , tRPRE-tDQSRH, ns
    0x73, 0x13, 0x00, 0x00, // , 4, cycle
    0x2b, 0x79, 0x00, 0x00, // , tRPST, ns
    0x3b, 0x65, 0x00, 0x80, // , tRPSTH, ns
    0x00, 0x00, 0x00, 0x00, // , ,
    0x00, 0x00, 0x00, 0x00, // , ,
    0x00, 0x00, 0x00, 0x00, // , ,

    // NIFC_CMD_ERASE_SUSPEND 2
    0xeb, 0x78, 0x00, 0x00, // , tCS, ns
    0x48, 0x05, 0x00, 0x7d, // , 1, cycle
    0x50, 0x0d, 0x00, 0x84, // , 3, cycle
    0x00, 0x00, 0x00, 0x00, // , ,

    // NIFC_CMD_ERASE_RESUME 2
    0xeb, 0x78, 0x00, 0x00, // , tCS, ns
    0x48, 0x05, 0x80, 0x93, // , 1, cycle
    0x00, 0x00, 0x00, 0x00, // , ,
    0x00, 0x00, 0x00, 0x00, // , ,

    // NIFC_CMD_PROGRAM_SUSPEND 2
    0xeb, 0x78, 0x00, 0x00, // , tCS, ns
    0x48, 0x05, 0x80, 0xd3, // , 1, cycle
    0x00, 0x00, 0x00, 0x00, // , ,
    0x00, 0x00, 0x00, 0x00, // , ,

    // NIFC_CMD_PROGRAM_RESUME 2
    0xeb, 0x78, 0x00, 0x00, // , tCS, ns
    0x48, 0x05, 0x00, 0xa4, // , 1, cycle
    0x00, 0x00, 0x00, 0x00, // , ,
    0x00, 0x00, 0x00, 0x00, // , ,

    // NIFC_CMD_SET_PARAMETER_OVERLOAD multi
    0x3b, 0x08, 0x00, 0x00, // , DLY_LOAD, Parameter(cycle)
    0xeb, 0x78, 0x00, 0x00, // , tCS, ns
    0x40, 0x05, 0x00, 0x06, // , 1, cycle
    0xeb, 0x90, 0x01, 0x00, // , tWB, ns
    0x48, 0x05, 0x00, 0x4c, // , 1, cycle
    0x50, 0x05, 0x80, 0x01, // , 1, cycle
    0x58, 0x09, 0x00, 0x00, // , 2, cycle
    0xeb, 0x90, 0x01, 0x80, // , tWB, ns

    // NIFC_CMD_READ_RECIPE_STATUS multi
    0x3b, 0x08, 0x00, 0x00, // , DLY_LOAD, Parameter(cycle)
    0xeb, 0x78, 0x00, 0x00, // , tCS, ns
    0x40, 0x05, 0x00, 0x06, // , 1, cycle
    0xeb, 0x90, 0x01, 0x00, // , tWB, ns
    0x48, 0x05, 0x00, 0x36, // , 1, cycle
    0xeb, 0xe0, 0x01, 0x00, // , tWHR, ns
    0x1b, 0x15, 0x00, 0x00, // , tDQSRH, ns
    0x8b, 0x05, 0x00, 0x00, // , 1, cycle
    0x2b, 0x65, 0x00, 0x00, // , tRPRE-tDQSRH, ns
    0xf2, 0x05, 0x00, 0x01, // , 1, cycle
    0x2b, 0x79, 0x00, 0x00, // , tRPST, ns
    0x3b, 0x65, 0x00, 0x80, // , tRPSTH, ns

    // NIFC_CMD_RECIPE_CHECK multi
    0x3b, 0x08, 0x00, 0x00, // , DLY_LOAD, Parameter(cycle)
    0xeb, 0x78, 0x00, 0x00, // , tCS, ns
    0x40, 0x05, 0x00, 0x06, // , 1, cycle
    0xeb, 0x90, 0x01, 0x00, // , tWB, ns
    0x48, 0x05, 0x80, 0x35, // , 1, cycle
    0xeb, 0x80, 0x11, 0x00, // , tWHR+tFEAT, ns
    0x1b, 0x15, 0x00, 0x00, // , tDQSRH, ns
    0x8b, 0x05, 0x00, 0x00, // , 1, cycle
    0x2b, 0x65, 0x00, 0x00, // , tRPRE-tDQSRH, ns
    0xf2, 0x05, 0x00, 0x01, // , 1, cycle
    0x2b, 0x79, 0x00, 0x00, // , tRPST, ns
    0x3b, 0x65, 0x00, 0x80, // , tRPSTH, ns

    // NIFC_CMD_ENABLE_DSP_READ 1
    0x0b, 0x08, 0x00, 0x00, // , DLY_LOAD, Parameter(cycle)
    0xeb, 0x78, 0x00, 0x00, // , tCS, ns
    0x48, 0x05, 0x00, 0x93, // , 1, cycle
    0x00, 0x00, 0x00, 0x00, // , ,

    // NIFC_CMD_HARD_RESET p12
    0x0b, 0x08, 0x00, 0x00, // , 2, cycle
    0xeb, 0x78, 0x00, 0x00, // , tCS, ns
    0x40, 0x05, 0x00, 0x06, // , 1, cycle
    0xeb, 0x78, 0x00, 0x00, // , tCS, ns
    0x48, 0x05, 0x80, 0xfe, // , 1, cycle
    0x00, 0x00, 0x00, 0x00, // , ,
    0x00, 0x00, 0x00, 0x00, // , ,
    0x00, 0x00, 0x00, 0x00 // , ,

};
u16 g_nifc_cmd_bin_size = sizeof(nifc_cmd_bin);
