#include "types.h"

const u8 nops_op_bin[3064] =
{
    // uCode Header Information
    0x32, 0x5f, 0x35, 0x53, 0x43, 0x49, 0x42, 0x5f,
    0x41, 0x49, 0x58, 0x4f, 0x49, 0x4b, 0x00, 0x00,
    0x31, 0x00, 0x00, 0x00, 0x04, 0x34, 0x20, 0x14,
    0x12, 0x23, 0x00, 0x00, 0x03, 0x00, 0x01, 0x00,

    // NAND_OP_DO_NOTHING 1
    0x00, 0x00, 0x2a, 0x90, 0x00, 0x80, 0x58, 0x00, // , 0, 20ns

    // NAND_OP_RESET 1
    0x01, 0x00, 0x6a, 0x00, 0x0b, 0x40, 0x02, 0x00, // , tWB+tRST, 10us
    0xc2, 0x00, 0x6a, 0x80, 0xfa, 0x80, 0x13, 0x00, // , tPoll, 20ns

    // NAND_OP_READ_PARAMETER_PAGE 1
    0x01, 0x00, 0x2a, 0x00, 0xd5, 0x87, 0x06, 0x00, // , tWB+tR, 20ns
    0xc2, 0x00, 0x2a, 0x00, 0x32, 0x80, 0x13, 0x00, // , tPoll_R, 20ns
    0x00, 0x00, 0xad, 0x80, 0x00, 0x80, 0x47, 0x00, // , 0, 20ns

    // NAND_OP_READ_ID 3
    0xaa, 0x00, 0x2a, 0x10, 0xfa, 0x80, 0x13, 0x00, // , tPoll, 20ns
    0x00, 0x00, 0x3a, 0x00, 0x00, 0x80, 0x03, 0x00, // , 0, 20ns
    0xa2, 0x00, 0x2a, 0x90, 0xfa, 0x80, 0x13, 0x00, // , tPoll, 20ns

    // NAND_OP_FEATURE_SET 1
    0xa2, 0x00, 0x2a, 0x00, 0xfa, 0x80, 0x16, 0x00, // , tPoll, 20ns
    0x01, 0x00, 0x2a, 0x00, 0x37, 0x80, 0x0a, 0x00, // , tWB+tFEAT, 20ns
    0xc2, 0x00, 0x2a, 0x80, 0xfa, 0x80, 0x16, 0x00, // , tPoll, 20ns

    // NAND_OP_FEATURE_GET 1
    0xa2, 0x00, 0x48, 0x10, 0xfa, 0x80, 0x16, 0x00, // , tPoll, 20ns
    0x00, 0x00, 0x3a, 0x90, 0x00, 0x80, 0x10, 0x00, // , 0, 20ns

    // NAND_OP_FEATURE_SET_AND_GET 1
    0xa2, 0x00, 0x2a, 0x00, 0xfa, 0x80, 0x16, 0x00, // , tPoll, 20ns
    0x01, 0x00, 0x2a, 0x00, 0x37, 0x80, 0x0a, 0x00, // , tWB+tFEAT, 20ns
    0xc2, 0x00, 0x2a, 0x00, 0xfa, 0x80, 0x16, 0x00, // , tPoll, 20ns
    0x00, 0x00, 0x3a, 0x80, 0x00, 0x80, 0x10, 0x00, // , 0, 20ns

    // NAND_OP_POLLING_RDY_STATUS 1
    0xc2, 0x0f, 0x7a, 0x80, 0xfa, 0x80, 0x16, 0x00, // , tPoll, 20ns

    // NAND_OP_POLLING_ARDY_STATUS 1
    0xa2, 0x0f, 0x7a, 0x80, 0xfa, 0x80, 0x16, 0x00, // , tPoll, 20ns

    // NAND_OP_POLLING_ARDY_STATUS_2_PLANE 1
    0xa2, 0x0f, 0x72, 0x00, 0xfa, 0x80, 0x16, 0x00, // , tPoll, 20ns
    0xa2, 0x0f, 0xf2, 0x80, 0x00, 0x80, 0x16, 0x00, // , 0, 20ns

    // NAND_OP_READ_STATUS_ONCE 1
    0xc2, 0x0f, 0x7a, 0x80, 0x00, 0x80, 0x16, 0x00, // , 0, 20ns

    // NAND_OP_ERASE_SLC_1_PLANE 1
    0xa2, 0x00, 0x48, 0x10, 0xfa, 0x80, 0x16, 0x00, // , tPoll, 20ns
    0x08, 0x00, 0x6a, 0x10, 0x00, 0x80, 0x53, 0x00, // , 0, 20ns
    0x01, 0x00, 0x6a, 0x10, 0x33, 0x40, 0x1c, 0x10, // , tWB+tBERS, 10us
    0xc2, 0x04, 0x7a, 0x88, 0x0a, 0x40, 0x19, 0x10, // , tPoll_e, 10us

    // NAND_OP_ERASE_SLC_1_PLANE_WO_POLLING 1
    0xa2, 0x00, 0x48, 0x10, 0xfa, 0x80, 0x16, 0x00, // , tPoll, 20ns
    0x08, 0x00, 0x6a, 0x10, 0x00, 0x80, 0x53, 0x00, // , 0, 20ns
    0x01, 0x00, 0x6a, 0x90, 0x05, 0x80, 0x1c, 0x10, // , tWB, 20ns

    // NAND_OP_ERASE_SLC_2_PLANE 1
    0xa2, 0x00, 0x48, 0x10, 0xfa, 0x80, 0x16, 0x00, // , tPoll, 20ns
    0x08, 0x00, 0x6a, 0x10, 0x00, 0x80, 0x53, 0x00, // , 0, 20ns
    0x09, 0x00, 0x62, 0x10, 0x00, 0x80, 0x1e, 0x00, // , 0, 20ns
    0x01, 0x00, 0xe2, 0x10, 0x33, 0x40, 0x1c, 0x30, // , tWB+tBERS, 10us
    0xc2, 0x04, 0x72, 0x08, 0x0a, 0x40, 0x19, 0x30, // , tPoll_e, 10us
    0xc2, 0x04, 0xf2, 0x88, 0x0a, 0x40, 0x19, 0x00, // , tPoll_e, 10us

    // NAND_OP_ERASE_SLC_2_PLANE_WO_POLLING 1
    0xa2, 0x00, 0x48, 0x10, 0xfa, 0x80, 0x16, 0x00, // , tPoll, 20ns
    0x08, 0x00, 0x6a, 0x10, 0x00, 0x80, 0x53, 0x00, // , 0, 20ns
    0x09, 0x00, 0x62, 0x10, 0x00, 0x80, 0x1e, 0x00, // , 0, 20ns
    0x01, 0x00, 0xe2, 0x90, 0x05, 0x80, 0x1c, 0x30, // , tWB, 20ns

    // NAND_OP_ERASE_MLC_1_PLANE 2
    0xa2, 0x00, 0x48, 0x10, 0xfa, 0x80, 0x16, 0x00, // , tPoll, 20ns
    0x01, 0x00, 0x6a, 0x10, 0x33, 0x40, 0x1c, 0x10, // , tWB+tBERS, 10us
    0xc2, 0x01, 0x7a, 0x88, 0x0a, 0x40, 0x19, 0x10, // , tPoll_e, 10us

    // NAND_OP_ERASE_MLC_1_PLANE_WO_POLLING 2
    0xa2, 0x00, 0x48, 0x10, 0xfa, 0x80, 0x16, 0x00, // , tPoll, 20ns
    0x01, 0x00, 0x6a, 0x90, 0x05, 0x80, 0x1c, 0x10, // , tWB, 20ns

    // NAND_OP_ERASE_MLC_2_PLANE 2
    0xa2, 0x00, 0x48, 0x10, 0xfa, 0x80, 0x16, 0x00, // , tPoll, 20ns
    0x09, 0x00, 0x62, 0x10, 0x00, 0x80, 0x1e, 0x00, // , 0, 20ns
    0x01, 0x00, 0xe2, 0x10, 0x33, 0x40, 0x1c, 0x30, // , tWB+tBERS, 10us
    0xc2, 0x01, 0x72, 0x08, 0x0a, 0x40, 0x19, 0x30, // , tPoll_e, 10us
    0xc2, 0x01, 0xf2, 0x88, 0x0a, 0x40, 0x19, 0x00, // , tPoll_e, 10us

    // NAND_OP_ERASE_MLC_2_PLANE_WO_POLLING 2
    0xa2, 0x00, 0x48, 0x10, 0xfa, 0x80, 0x16, 0x00, // , tPoll, 20ns
    0x09, 0x00, 0x62, 0x10, 0x00, 0x80, 0x1e, 0x00, // , 0, 20ns
    0x01, 0x00, 0xe2, 0x90, 0x05, 0x80, 0x1c, 0x30, // , tWB, 20ns

    // NAND_OP_PROGRAM_PAGE_SLC_1_PLANE 1
    0xa2, 0x00, 0x48, 0x10, 0xfa, 0x80, 0x16, 0x80, // , tPoll, 20ns
    0x04, 0x00, 0x2d, 0x10, 0x00, 0x80, 0x53, 0x80, // , 0, 20ns
    0x01, 0x00, 0x2d, 0x10, 0xf9, 0x81, 0x27, 0x80, // , tWB+tPROG_s, 20ns
    0xc2, 0x04, 0x5a, 0x88, 0xf4, 0x81, 0x19, 0x90, // , tPoll_p, 20ns

    // NAND_OP_PROGRAM_PAGE_SLC_1_PLANE_WO_POLLING 1
    0xa2, 0x00, 0x48, 0x10, 0xfa, 0x80, 0x16, 0x80, // , tPoll, 20ns
    0x04, 0x00, 0x2d, 0x10, 0x00, 0x80, 0x53, 0x80, // , 0, 20ns
    0x01, 0x00, 0x2d, 0x90, 0x05, 0x80, 0x27, 0x80, // , tWB, 20ns

    // NAND_OP_PROGRAM_PAGE_SLC_2_PLANE 1
    0xa2, 0x00, 0x48, 0x10, 0xfa, 0x80, 0x16, 0x80, // , tPoll, 20ns
    0x04, 0x00, 0x2d, 0x10, 0x00, 0x80, 0x53, 0x80, // , 0, 20ns
    0x05, 0x00, 0x25, 0x10, 0x37, 0x80, 0x33, 0x80, // , tWB+tDBSY, 20ns
    0x01, 0x00, 0xa5, 0x00, 0xf9, 0x81, 0x3a, 0x80, // , tWB+tPROG_s, 20ns
    0xc2, 0x04, 0x52, 0x08, 0xf4, 0x81, 0x19, 0x90, // , tPoll_p, 20ns
    0xc2, 0x04, 0xd2, 0x88, 0xf4, 0x81, 0x19, 0x90, // , tPoll_p, 20ns

    // NAND_OP_PROGRAM_PAGE_SLC_2_PLANE_WO_POLLING 1
    0xa2, 0x00, 0x48, 0x10, 0xfa, 0x80, 0x16, 0x80, // , tPoll, 20ns
    0x04, 0x00, 0x2d, 0x10, 0x00, 0x80, 0x53, 0x80, // , 0, 20ns
    0x05, 0x00, 0x25, 0x10, 0x37, 0x80, 0x33, 0x80, // , tWB+tDBSY, 20ns
    0x01, 0x00, 0xa5, 0x80, 0x05, 0x80, 0x3a, 0x80, // , tWB, 20ns

    // NAND_OP_PROGRAM_CACHE_SLC_1_PLANE 1
    0xca, 0x00, 0x4b, 0x10, 0xfa, 0x80, 0x16, 0x80, // , tPoll, 20ns
    0x04, 0x00, 0x2d, 0x10, 0x00, 0x80, 0x53, 0x80, // , 0, 20ns
    0x01, 0x00, 0x2d, 0x10, 0x37, 0x80, 0x2b, 0x80, // , tWB+tCBSY, 20ns
    0xc2, 0x08, 0x5a, 0x88, 0xf4, 0x81, 0x19, 0x80, // , tPoll_p, 20ns

    // NAND_OP_PROGRAM_CACHE_SLC_2_PLANE 1
    0xca, 0x00, 0x4b, 0x10, 0xfa, 0x80, 0x16, 0x80, // , tPoll, 20ns
    0x04, 0x00, 0x2d, 0x10, 0x00, 0x80, 0x53, 0x80, // , 0, 20ns
    0x05, 0x00, 0x25, 0x10, 0x37, 0x80, 0x33, 0x80, // , tWB+tDBSY, 20ns
    0x01, 0x00, 0xa5, 0x00, 0x37, 0x80, 0x3e, 0x80, // , tWB+tCBSY, 20ns
    0xc2, 0x08, 0x52, 0x08, 0xf4, 0x81, 0x19, 0x80, // , tPoll_p, 20ns
    0xc2, 0x08, 0xd2, 0x88, 0xf4, 0x81, 0x19, 0x80, // , tPoll_p, 20ns

    // NAND_OP_PROGRAM_PAGE_MLC_1_PLANE 2
    0xa2, 0x00, 0x48, 0x00, 0xfa, 0x80, 0x16, 0x80, // , tPoll, 20ns
    0x04, 0x00, 0x2d, 0x10, 0x00, 0x80, 0x54, 0x80, // , 0, 20ns
    0x01, 0x00, 0x2d, 0x10, 0xf9, 0x81, 0x2f, 0x80, // , tWB+tprog, 20ns
    0xc2, 0x01, 0x5a, 0x88, 0xf4, 0x81, 0x19, 0x90, // , tPoll_P, 20ns

    // NAND_OP_PROGRAM_PAGE_MLC_1_PLANE_WO_POLLING 2
    0xa2, 0x00, 0x48, 0x00, 0xfa, 0x80, 0x16, 0x80, // , tPoll, 20ns
    0x04, 0x00, 0x2d, 0x10, 0x00, 0x80, 0x54, 0x80, // , 0, 20ns
    0x01, 0x00, 0x2d, 0x90, 0x05, 0x80, 0x2f, 0x80, // , tWB, 20ns

    // NAND_OP_PROGRAM_PAGE_MLC_2_PLANE 2
    0xa2, 0x00, 0x48, 0x10, 0xfa, 0x80, 0x16, 0x80, // , tPoll, 20ns
    0x04, 0x00, 0x2d, 0x10, 0x00, 0x80, 0x54, 0x80, // , 0, 20ns
    0x05, 0x00, 0x25, 0x10, 0x37, 0x80, 0x33, 0x80, // , tWB+tDBSY, 20ns
    0x04, 0x00, 0x2a, 0x00, 0x00, 0x80, 0x54, 0x80, // , 0, 20ns
    0x01, 0x00, 0xa5, 0x00, 0xf9, 0x81, 0x42, 0x80, // , tWB+tprog, 20ns
    0xc2, 0x01, 0x52, 0x08, 0xf4, 0x81, 0x19, 0x90, // , tPoll_P, 20ns
    0xc2, 0x01, 0xd2, 0x88, 0xf4, 0x81, 0x19, 0x90, // , tPoll_P, 20ns

    // NAND_OP_PROGRAM_PAGE_MLC_2_PLANE_WO_POLLING 2
    0xa2, 0x00, 0x48, 0x10, 0xfa, 0x80, 0x16, 0x80, // , tPoll, 20ns
    0x04, 0x00, 0x2d, 0x10, 0x00, 0x80, 0x54, 0x80, // , 0, 20ns
    0x05, 0x00, 0x25, 0x10, 0x37, 0x80, 0x33, 0x80, // , tWB+tDBSY, 20ns
    0x04, 0x00, 0x2a, 0x00, 0x00, 0x80, 0x54, 0x80, // , 0, 20ns
    0x01, 0x00, 0xa5, 0x80, 0x05, 0x80, 0x42, 0x80, // , tWB, 20ns

    // NAND_OP_PROGRAM_CACHE_MLC_1_PLANE 2
    0xca, 0x00, 0x4b, 0x10, 0xfa, 0x80, 0x16, 0x80, // , tPoll, 20ns
    0x04, 0x00, 0x2d, 0x10, 0x00, 0x80, 0x54, 0x80, // , 0, 20ns
    0x01, 0x00, 0x2d, 0x10, 0x37, 0x80, 0x2f, 0x80, // , tWB+tCBSY, 20ns
    0xc2, 0x01, 0x5a, 0x88, 0xf4, 0x81, 0x19, 0x80, // , tPoll_P, 20ns

    // NAND_OP_PROGRAM_CACHE_MLC_2_PLANE 2
    0xca, 0x00, 0x4b, 0x10, 0xfa, 0x80, 0x16, 0x80, // , tPoll, 20ns
    0x04, 0x00, 0x2d, 0x10, 0x00, 0x80, 0x54, 0x80, // , 0, 20ns
    0x05, 0x00, 0x25, 0x10, 0x37, 0x80, 0x33, 0x80, // , tWB+tDBSY, 20ns
    0x04, 0x00, 0x2a, 0x00, 0x00, 0x80, 0x54, 0x80, // , 0, 20ns
    0x01, 0x00, 0xa5, 0x00, 0x37, 0x80, 0x42, 0x80, // , tWB+tCBSY, 20ns
    0xc2, 0x01, 0x52, 0x08, 0xf4, 0x81, 0x19, 0x80, // , tPoll_P, 20ns
    0xc2, 0x01, 0xd2, 0x88, 0xf4, 0x81, 0x19, 0x80, // , tPoll_P, 20ns

    // NAND_OP_READ_AND_DATA_OUT_SLC_1_PLANE 1
    0xa6, 0x00, 0x4a, 0x10, 0xfa, 0x80, 0x16, 0x00, // , tPoll, 20ns
    0x04, 0x00, 0x2a, 0x10, 0x00, 0x80, 0x53, 0x00, // , 0, 20ns
    0x01, 0x00, 0x2a, 0x10, 0xed, 0x83, 0x20, 0x00, // , tWB+tR_s, 20ns
    0xc2, 0x00, 0x2a, 0x00, 0x32, 0x80, 0x16, 0x00, // , tPoll_R, 20ns
    0x00, 0x00, 0x2d, 0x80, 0x00, 0x80, 0x4a, 0x00, // , 0, 20ns

    // NAND_OP_READ_AND_DATA_OUT_SLC_2_PLANE 1
    0xa6, 0x00, 0x4a, 0x10, 0xfa, 0x80, 0x16, 0x00, // , tPoll, 20ns
    0x04, 0x00, 0x2a, 0x10, 0x00, 0x80, 0x53, 0x00, // , 0, 20ns
    0x05, 0x00, 0x22, 0x10, 0x37, 0x80, 0x22, 0x00, // , tWB+tDBSY, 20ns
    0x01, 0x00, 0xa2, 0x10, 0xed, 0x83, 0x20, 0x00, // , tWB+tR_s, 20ns
    0xc2, 0x00, 0xa2, 0x00, 0x32, 0x80, 0x16, 0x00, // , tPoll_R, 20ns
    0x04, 0x00, 0x25, 0x00, 0x00, 0x80, 0x4a, 0x00, // , 0, 20ns
    0x00, 0x00, 0xa5, 0x80, 0x00, 0x80, 0x4a, 0x00, // , 0, 20ns

    // NAND_OP_READ_SLC_2_PLANE_AND_DATA_OUT_FROM_1_PAGE 1
    0xa6, 0x00, 0x4a, 0x10, 0xfa, 0x80, 0x16, 0x00, // , tPoll, 20ns
    0x04, 0x00, 0x2a, 0x10, 0x00, 0x80, 0x53, 0x00, // , 0, 20ns
    0x05, 0x00, 0x22, 0x10, 0x37, 0x80, 0x22, 0x00, // , tWB+tDBSY, 20ns
    0x01, 0x00, 0xa2, 0x10, 0xed, 0x83, 0x20, 0x00, // , tWB+tR_s, 20ns
    0xc2, 0x00, 0xa2, 0x00, 0x32, 0x80, 0x16, 0x00, // , tPoll_R, 20ns
    0x00, 0x00, 0x2d, 0x80, 0x00, 0x80, 0x4a, 0x00, // , 0, 20ns

    // NAND_OP_READ_AND_DATA_OUT_MLC_1_PLANE 2
    0xa6, 0x00, 0x4a, 0x10, 0xfa, 0x80, 0x16, 0x00, // , tPoll, 20ns
    0x04, 0x00, 0x2a, 0x10, 0x00, 0x80, 0x54, 0x00, // , 0, 20ns
    0x01, 0x00, 0x2a, 0x10, 0xd5, 0x87, 0x20, 0x00, // , tWB+tR, 20ns
    0xc2, 0x00, 0x2a, 0x00, 0x32, 0x80, 0x16, 0x00, // , tPoll_R, 20ns
    0x00, 0x00, 0x2d, 0x80, 0x00, 0x80, 0x4a, 0x00, // , 0, 20ns

    // NAND_OP_READ_AND_DATA_OUT_MLC_2_PLANE 2
    0xa6, 0x00, 0x4a, 0x10, 0xfa, 0x80, 0x16, 0x00, // , tPoll, 20ns
    0x04, 0x00, 0x2a, 0x10, 0x00, 0x80, 0x54, 0x00, // , 0, 20ns
    0x05, 0x00, 0x22, 0x10, 0x37, 0x80, 0x22, 0x00, // , tWB+tDBSY, 20ns
    0x04, 0x00, 0x2a, 0x10, 0x00, 0x80, 0x54, 0x00, // , 0, 20ns
    0x01, 0x00, 0xa2, 0x10, 0xd5, 0x87, 0x20, 0x00, // , tWB+tR, 20ns
    0xc2, 0x00, 0xa2, 0x00, 0x32, 0x80, 0x16, 0x00, // , tPoll_R, 20ns
    0x04, 0x00, 0x25, 0x00, 0x00, 0x80, 0x4a, 0x00, // , 0, 20ns
    0x00, 0x00, 0xa5, 0x80, 0x00, 0x80, 0x4a, 0x00, // , 0, 20ns

    // NAND_OP_READ_MLC_2_PLANE_AND_DATA_OUT_FROM_1_PAGE 2
    0xa6, 0x00, 0x4a, 0x10, 0xfa, 0x80, 0x16, 0x00, // , tPoll, 20ns
    0x04, 0x00, 0x2a, 0x10, 0x00, 0x80, 0x54, 0x00, // , 0, 20ns
    0x05, 0x00, 0x22, 0x10, 0x37, 0x80, 0x22, 0x00, // , tWB+tDBSY, 20ns
    0x04, 0x00, 0x2a, 0x10, 0x00, 0x80, 0x54, 0x00, // , 0, 20ns
    0x01, 0x00, 0xa2, 0x10, 0xd5, 0x87, 0x20, 0x00, // , tWB+tR, 20ns
    0xc2, 0x00, 0xa2, 0x00, 0x32, 0x80, 0x16, 0x00, // , tPoll_R, 20ns
    0x00, 0x00, 0x2d, 0x80, 0x00, 0x80, 0x4a, 0x00, // , 0, 20ns

    // NAND_OP_READ_SLC_1_PLANE 1
    0xa6, 0x00, 0x4a, 0x10, 0xfa, 0x80, 0x16, 0x00, // , tPoll, 20ns
    0x04, 0x00, 0x2a, 0x10, 0x00, 0x80, 0x53, 0x00, // , 0, 20ns
    0x01, 0x00, 0x2a, 0x10, 0xed, 0x83, 0x20, 0x00, // , tWB+tR_s, 20ns
    0xc2, 0x00, 0x2a, 0x80, 0x32, 0x80, 0x16, 0x00, // , tPoll_R, 20ns

    // NAND_OP_READ_SLC_1_PLANE_WO_POLLING 1
    0xa6, 0x00, 0x4a, 0x10, 0xfa, 0x80, 0x16, 0x00, // , tPoll, 20ns
    0x04, 0x00, 0x2a, 0x10, 0x00, 0x80, 0x53, 0x00, // , 0, 20ns
    0x01, 0x00, 0x2a, 0x90, 0x05, 0x80, 0x20, 0x00, // , tWB, 20ns

    // NAND_OP_READ_SLC_2_PLANE 1
    0xa6, 0x00, 0x4a, 0x10, 0xfa, 0x80, 0x16, 0x00, // , tPoll, 20ns
    0x04, 0x00, 0x2a, 0x10, 0x00, 0x80, 0x53, 0x00, // , 0, 20ns
    0x05, 0x00, 0x22, 0x10, 0x37, 0x80, 0x22, 0x00, // , tWB+tDBSY, 20ns
    0x01, 0x00, 0xa2, 0x10, 0xed, 0x83, 0x20, 0x00, // , tWB+tR_s, 20ns
    0xc2, 0x00, 0xa2, 0x80, 0x32, 0x80, 0x16, 0x00, // , tPoll_R, 20ns

    // NAND_OP_READ_SLC_2_PLANE_WO_POLLING 1
    0xa6, 0x00, 0x4a, 0x10, 0xfa, 0x80, 0x16, 0x00, // , tPoll, 20ns
    0x04, 0x00, 0x2a, 0x10, 0x00, 0x80, 0x53, 0x00, // , 0, 20ns
    0x05, 0x00, 0x22, 0x10, 0x37, 0x80, 0x22, 0x00, // , tWB+tDBSY, 20ns
    0x01, 0x00, 0xa2, 0x90, 0x05, 0x80, 0x20, 0x00, // , tWB, 20ns

    // NAND_OP_READ_MLC_1_PLANE 2
    0xa6, 0x00, 0x4a, 0x10, 0xfa, 0x80, 0x16, 0x00, // , tPoll, 20ns
    0x04, 0x00, 0x2a, 0x10, 0x00, 0x80, 0x54, 0x00, // , 0, 20ns
    0x01, 0x00, 0x2a, 0x10, 0xd5, 0x87, 0x20, 0x00, // , tWB+tR, 20ns
    0xc2, 0x00, 0x2a, 0x80, 0x32, 0x80, 0x16, 0x00, // , tPoll_R, 20ns

    // NAND_OP_READ_MLC_1_PLANE_WO_POLLING 2
    0xa6, 0x00, 0x4a, 0x10, 0xfa, 0x80, 0x16, 0x00, // , tPoll, 20ns
    0x04, 0x00, 0x2a, 0x10, 0x00, 0x80, 0x54, 0x00, // , 0, 20ns
    0x01, 0x00, 0x2a, 0x90, 0x05, 0x80, 0x20, 0x00, // , tWB, 20ns

    // NAND_OP_READ_MLC_2_PLANE 2
    0xa6, 0x00, 0x4a, 0x10, 0xfa, 0x80, 0x16, 0x00, // , tPoll, 20ns
    0x04, 0x00, 0x2a, 0x10, 0x00, 0x80, 0x54, 0x00, // , 0, 20ns
    0x05, 0x00, 0x22, 0x10, 0x37, 0x80, 0x22, 0x00, // , tWB+tDBSY, 20ns
    0x04, 0x00, 0x2a, 0x10, 0x00, 0x80, 0x54, 0x00, // , 0, 20ns
    0x01, 0x00, 0xa2, 0x10, 0xd5, 0x87, 0x20, 0x00, // , tWB+tR, 20ns
    0xc2, 0x00, 0x22, 0x00, 0x32, 0x80, 0x16, 0x00, // , tPoll_R, 20ns
    0xc2, 0x00, 0xa2, 0x80, 0x32, 0x80, 0x16, 0x00, // , tPoll_R, 20ns

    // NAND_OP_READ_MLC_2_PLANE_WO_POLLING 2
    0xa6, 0x00, 0x4a, 0x10, 0xfa, 0x80, 0x16, 0x00, // , tPoll, 20ns
    0x04, 0x00, 0x2a, 0x10, 0x00, 0x80, 0x54, 0x00, // , 0, 20ns
    0x05, 0x00, 0x22, 0x10, 0x37, 0x80, 0x22, 0x00, // , tWB+tDBSY, 20ns
    0x04, 0x00, 0x2a, 0x10, 0x00, 0x80, 0x54, 0x00, // , 0, 20ns
    0x01, 0x00, 0xa2, 0x90, 0x05, 0x80, 0x20, 0x00, // , tWB, 20ns

    // NAND_OP_READ_CACHE_SLC_1_PLANE 1
    0xca, 0x00, 0x4a, 0x10, 0xfa, 0x80, 0x16, 0x80, // , tPoll, 20ns
    0x04, 0x00, 0x2a, 0x10, 0x00, 0x80, 0x53, 0x00, // , 0, 20ns
    0x01, 0x00, 0x2a, 0x10, 0x37, 0x80, 0x24, 0x00, // , tWB+tCBSY, 20ns
    0xc2, 0x00, 0x2a, 0x80, 0x32, 0x80, 0x16, 0x00, // , tPoll_R, 20ns

    // NAND_OP_READ_CACHE_SLC_2_PLANE 1
    0xca, 0x00, 0x4a, 0x10, 0xfa, 0x80, 0x16, 0x80, // , tPoll, 20ns
    0x04, 0x00, 0x2a, 0x10, 0x00, 0x80, 0x53, 0x00, // , 0, 20ns
    0x05, 0x00, 0x22, 0x10, 0x37, 0x80, 0x22, 0x00, // , tWB+tDBSY, 20ns
    0x01, 0x00, 0xa2, 0x10, 0x37, 0x80, 0x24, 0x00, // , tWB+tCBSY, 20ns
    0xc2, 0x00, 0xa2, 0x80, 0x32, 0x80, 0x16, 0x00, // , tPoll_R, 20ns

    // NAND_OP_READ_CACHE_MLC_1_PLANE 2
    0xca, 0x00, 0x4a, 0x10, 0xfa, 0x80, 0x16, 0x80, // , tPoll, 20ns
    0x04, 0x00, 0x2a, 0x10, 0x00, 0x80, 0x54, 0x00, // , 0, 20ns
    0x01, 0x00, 0x2a, 0x10, 0x37, 0x80, 0x24, 0x00, // , tWB+tCBSY, 20ns
    0xc2, 0x00, 0x2a, 0x80, 0x32, 0x80, 0x16, 0x00, // , tPoll_R, 20ns

    // NAND_OP_READ_CACHE_MLC_2_PLANE 2
    0xca, 0x00, 0x4a, 0x10, 0xfa, 0x80, 0x16, 0x80, // , tPoll, 20ns
    0x04, 0x00, 0x2a, 0x10, 0x00, 0x80, 0x54, 0x00, // , 0, 20ns
    0x05, 0x00, 0x22, 0x10, 0x37, 0x80, 0x22, 0x00, // , tWB+tDBSY, 20ns
    0x04, 0x00, 0x2a, 0x10, 0x00, 0x80, 0x54, 0x00, // , 0, 20ns
    0x01, 0x00, 0xa2, 0x10, 0x37, 0x80, 0x24, 0x00, // , tWB+tCBSY, 20ns
    0xc2, 0x00, 0x22, 0x00, 0x32, 0x80, 0x16, 0x00, // , tPoll_R, 20ns
    0xc2, 0x00, 0xa2, 0x80, 0x32, 0x80, 0x16, 0x00, // , tPoll_R, 20ns

    // NAND_OP_READ_CACHE_LAST 1
    0xaa, 0x00, 0x4a, 0x00, 0x32, 0x80, 0x16, 0x00, // , tPoll_r, 20ns
    0x09, 0x00, 0x2a, 0x00, 0x37, 0x80, 0x26, 0x00, // , tWB+tCBSY, 20ns
    0xc2, 0x00, 0x2a, 0x80, 0x32, 0x80, 0x16, 0x00, // , tPoll_r, 20ns

    // NAND_OP_READ_CACHE_LAST_AND_DATA_OUT_1_PLANE 1
    0xaa, 0x00, 0x2a, 0x00, 0x32, 0x80, 0x16, 0x00, // , tPoll_r, 20ns
    0x01, 0x00, 0x2a, 0x00, 0x37, 0x80, 0x26, 0x00, // , tWB+tCBSY, 20ns
    0xc2, 0x00, 0x2a, 0x00, 0x32, 0x80, 0x16, 0x00, // , tPoll_r, 20ns
    0x00, 0x00, 0x2d, 0x80, 0x00, 0x80, 0x4a, 0x00, // , 0, 20ns

    // NAND_OP_READ_CACHE_LAST_AND_DATA_OUT_2_PLANE 1
    0xaa, 0x00, 0x2a, 0x00, 0x32, 0x80, 0x16, 0x00, // , tPoll_r, 20ns
    0x01, 0x00, 0x2a, 0x00, 0x37, 0x80, 0x26, 0x00, // , tWB+tCBSY, 20ns
    0xc2, 0x00, 0x2a, 0x00, 0x32, 0x80, 0x16, 0x00, // , tPoll_r, 20ns
    0x00, 0x00, 0x25, 0x00, 0x00, 0x80, 0x4a, 0x00, // , 0, 20ns
    0x00, 0x00, 0xa5, 0x80, 0x00, 0x80, 0x4a, 0x00, // , 0, 20ns

    // NAND_OP_DATA_BUFFER_IN 1
    0x01, 0x00, 0x2d, 0x80, 0x05, 0x80, 0x4f, 0x00, // , tWB, 20ns

    // NAND_OP_DATA_OUT 1
    0x00, 0x00, 0x2d, 0x80, 0x00, 0x80, 0x4a, 0x00, // , 0, 20ns

    // NAND_OP_DATA_OUT_2_PLANE 1
    0x04, 0x00, 0x25, 0x00, 0x00, 0x80, 0x4a, 0x00, // , 0, 20ns
    0x00, 0x00, 0xa5, 0x80, 0x00, 0x80, 0x4a, 0x00, // , 0, 20ns

    // NAND_OP_SPECIAL_COMMAND 1
    0x00, 0x00, 0x2a, 0x80, 0x00, 0x80, 0x55, 0x00, // , 0, 20ns

    // NAND_OP_PROGRAM_PAGE_SLC_1_PLANE_WITH_1P0V 1
    0xa2, 0x00, 0x48, 0x10, 0xfa, 0x80, 0x16, 0x80, // , tPoll, 20ns
    0x04, 0x00, 0x2d, 0x10, 0x00, 0x80, 0x46, 0x80, // , 0, 20ns
    0x04, 0x00, 0x2d, 0x10, 0x00, 0x80, 0x53, 0x80, // , 0, 20ns
    0x01, 0x00, 0x2d, 0x10, 0xf9, 0x81, 0x27, 0x80, // , tWB+tPROG_s, 20ns
    0xc2, 0x04, 0x5a, 0x88, 0xf4, 0x81, 0x19, 0x90, // , tPoll_p, 20ns

    // NAND_OP_PROGRAM_PAGE_SLC_2_PLANE_WITH_1P0V 1
    0xa2, 0x00, 0x48, 0x10, 0xfa, 0x80, 0x16, 0x80, // , tPoll, 20ns
    0x04, 0x00, 0x2d, 0x10, 0x00, 0x80, 0x46, 0x80, // , 0, 20ns
    0x04, 0x00, 0x2d, 0x10, 0x00, 0x80, 0x53, 0x80, // , 0, 20ns
    0x05, 0x00, 0x25, 0x10, 0x37, 0x80, 0x33, 0x80, // , tWB+tDBSY, 20ns
    0x01, 0x00, 0xa5, 0x00, 0xf9, 0x81, 0x3a, 0x80, // , tWB+tPROG_s, 20ns
    0xc2, 0x04, 0x52, 0x08, 0xf4, 0x81, 0x19, 0x90, // , tPoll_p, 20ns
    0xc2, 0x04, 0xd2, 0x88, 0xf4, 0x81, 0x19, 0x90, // , tPoll_p, 20ns

    // NAND_OP_PROGRAM_PAGE_MLC_1ST_PAGE_OF_MULTI_PLANE 2
    0xa2, 0x00, 0x48, 0x10, 0xfa, 0x80, 0x16, 0x80, // , tPoll, 20ns
    0x04, 0x00, 0x2d, 0x10, 0x00, 0x80, 0x54, 0x80, // , 0, 20ns
    0x01, 0x00, 0x2d, 0x90, 0x37, 0x80, 0x33, 0x80, // , tWB+tDBSY, 20ns

    // NAND_OP_PROGRAM_PAGE_MLC_LAST_PAGE_OF_2_PLANE 2
    0x04, 0x00, 0x2a, 0x00, 0x00, 0x80, 0x54, 0x80, // , 0, 20ns
    0x01, 0x00, 0xad, 0x01, 0xf9, 0x81, 0x42, 0x80, // , tWB+tprog, 20ns
    0xc2, 0x00, 0x52, 0x08, 0xf4, 0x81, 0x19, 0x80, // , tPoll_P, 20ns
    0xc2, 0x00, 0xd2, 0x88, 0xf4, 0x81, 0x19, 0x80, // , tPoll_P, 20ns

    // NAND_OP_PROGRAM_PAGE_SLC_1ST_PAGE_OF_MULTI_PLANE 1
    0xa2, 0x00, 0x48, 0x10, 0xfa, 0x80, 0x16, 0x80, // , tPoll, 20ns
    0x04, 0x00, 0x2d, 0x10, 0x00, 0x80, 0x53, 0x80, // , 0, 20ns
    0x01, 0x00, 0x2d, 0x90, 0x37, 0x80, 0x33, 0x80, // , tWB+tDBSY, 20ns

    // NAND_OP_PROGRAM_PAGE_SLC_LAST_PAGE_OF_2_PLANE 1
    0x01, 0x00, 0x2d, 0x10, 0xf9, 0x81, 0x3a, 0x80, // , tWB+tPROG_s, 20ns
    0xc2, 0x04, 0x52, 0x08, 0xf4, 0x81, 0x19, 0x80, // , tPoll_p, 20ns
    0xc2, 0x04, 0xd2, 0x88, 0xf4, 0x81, 0x19, 0x80, // , tPoll_p, 20ns

    // NAND_OP_PROGRAM_CACHE_MLC_1ST_PAGE_OF_MULTI_PLANE 2
    0xca, 0x00, 0x4b, 0x10, 0xfa, 0x80, 0x16, 0x80, // , tPoll, 20ns
    0x04, 0x00, 0x2d, 0x10, 0x00, 0x80, 0x54, 0x80, // , 0, 20ns
    0x05, 0x00, 0x2d, 0x90, 0x37, 0x80, 0x33, 0x80, // , tWB+tDBSY, 20ns

    // NAND_OP_PROGRAM_CACHE_MLC_LAST_PAGE_OF_2_PLANE 2
    0x04, 0x00, 0x2a, 0x00, 0x00, 0x80, 0x54, 0x80, // , 0, 20ns
    0x01, 0x00, 0xad, 0x01, 0x37, 0x80, 0x42, 0x80, // , tWB+tcbsy, 20ns
    0xc2, 0x00, 0x52, 0x08, 0xf4, 0x81, 0x19, 0x80, // , tPoll_P, 20ns
    0xc2, 0x00, 0xd2, 0x88, 0xf4, 0x81, 0x19, 0x80, // , tPoll_P, 20ns

    // NAND_OP_PROGRAM_CACHE_SLC_1ST_PAGE_OF_MULTI_PLANE 1
    0xca, 0x00, 0x4a, 0x10, 0xfa, 0x80, 0x16, 0x80, // , tPoll, 20ns
    0x04, 0x00, 0x2d, 0x10, 0x00, 0x80, 0x53, 0x80, // , 0, 20ns
    0x01, 0x00, 0x2d, 0x90, 0x37, 0x80, 0x33, 0x80, // , tWB+tDBSY, 20ns

    // NAND_OP_PROGRAM_CACHE_SLC_LAST_PAGE_OF_2_PLANE 1
    0x01, 0x00, 0x2d, 0x10, 0x37, 0x80, 0x3e, 0x80, // , tWB+tCBSY, 20ns
    0xc2, 0x08, 0x52, 0x08, 0xf4, 0x81, 0x19, 0x80, // , tPoll_p, 20ns
    0xc2, 0x08, 0xd2, 0x88, 0xf4, 0x81, 0x19, 0x80, // , tPoll_p, 20ns

    // NAND_OP_TEMPERATURE_GET 3
    0xa6, 0x00, 0x48, 0x10, 0xf4, 0x81, 0x16, 0x00, // , tPoll_P, 20ns
    0x05, 0x00, 0x4a, 0x10, 0xf4, 0x81, 0x59, 0x00, // , tTemp, 20ns
    0x01, 0x00, 0x5a, 0x80, 0x00, 0x80, 0x5b, 0x00, // , 0, 20ns

    // NAND_OP_DCC_DATA_OUT 1
    0x00, 0x00, 0x2c, 0x80, 0x00, 0x80, 0x5e, 0x00, // , 0, 20ns

    // NAND_OP_ERASE_SUSPEND 2
    0xc8, 0x00, 0x2a, 0x00, 0x00, 0x80, 0x16, 0x00, // , 0, 20ns
    0x01, 0x00, 0x4a, 0x00, 0x0a, 0x40, 0x62, 0x00, // , tESPD, 10us
    0xc2, 0x01, 0x3a, 0x80, 0x0a, 0x40, 0x16, 0x10, // , tPoll_e, 10us

    // NAND_OP_ERASE_RESUME 2
    0xc8, 0x00, 0x4c, 0x00, 0xfa, 0x80, 0x16, 0x00, // , tPoll, 20ns
    0x00, 0x00, 0x2c, 0x00, 0x00, 0x80, 0x63, 0x00, // , 0, 20ns
    0x01, 0x00, 0x6a, 0x10, 0x33, 0x40, 0x1c, 0x10, // , tWB+tBERS, 10us
    0xc2, 0x01, 0x32, 0x80, 0x0a, 0x40, 0x16, 0x10, // , tPoll_e, 10us

    // NAND_OP_ERASE_RESUME_2_PLANE 2
    0xaa, 0x00, 0x48, 0x10, 0xfa, 0x80, 0x16, 0x00, // , tPoll, 20ns
    0x08, 0x00, 0x4c, 0x10, 0x00, 0x80, 0x63, 0x00, // , 0, 20ns
    0x09, 0x00, 0x62, 0x10, 0x00, 0x80, 0x1e, 0x00, // , 0, 20ns
    0x01, 0x00, 0xe2, 0x10, 0x33, 0x40, 0x1c, 0x10, // , tWB+tBERS, 10us
    0xc2, 0x01, 0x72, 0x08, 0x0a, 0x40, 0x19, 0x10, // , tPoll_e, 10us
    0xc2, 0x01, 0xf2, 0x88, 0x0a, 0x40, 0x19, 0x00, // , tPoll_e, 10us

    // NAND_OP_SLC_ERASE_RESUME 1
    0xc8, 0x00, 0x4c, 0x00, 0xfa, 0x80, 0x16, 0x00, // , tPoll, 20ns
    0x08, 0x00, 0x6a, 0x00, 0x00, 0x80, 0x53, 0x00, // , 0, 20ns
    0x00, 0x00, 0x2c, 0x00, 0x00, 0x80, 0x63, 0x00, // , 0, 20ns
    0x01, 0x00, 0xe2, 0x10, 0x33, 0x40, 0x1c, 0x10, // , tWB+tBERS, 10us
    0xc2, 0x01, 0x32, 0x80, 0x0a, 0x40, 0x16, 0x10, // , tPoll_e, 10us

    // NAND_OP_SLC_ERASE_RESUME_2_PLANE 1
    0xaa, 0x00, 0x48, 0x10, 0xfa, 0x80, 0x16, 0x00, // , tPoll, 20ns
    0x08, 0x00, 0x6a, 0x00, 0x00, 0x80, 0x53, 0x00, // , 0, 20ns
    0x08, 0x00, 0x4c, 0x10, 0x00, 0x80, 0x63, 0x00, // , 0, 20ns
    0x09, 0x00, 0x62, 0x10, 0x00, 0x80, 0x1e, 0x00, // , 0, 20ns
    0x01, 0x00, 0xe2, 0x10, 0x33, 0x40, 0x1c, 0x10, // , tWB+tBERS, 10us
    0xc2, 0x01, 0x72, 0x08, 0x0a, 0x40, 0x19, 0x10, // , tPoll_e, 10us
    0xc2, 0x01, 0xf2, 0x88, 0x0a, 0x40, 0x19, 0x00, // , tPoll_e, 10us

    // NAND_OP_PROGRAM_SUSPEND 2
    0xc8, 0x00, 0x2a, 0x00, 0x00, 0x80, 0x16, 0x00, // , 0, 20ns
    0x01, 0x00, 0x4c, 0x00, 0x0a, 0x40, 0x64, 0x00, // , tPSPD, 10us
    0xc2, 0x01, 0x3a, 0x80, 0xfa, 0x80, 0x16, 0x30, // , tPoll, 20ns

    // NAND_OP_PROGRAM_RESUME 2
    0xc8, 0x00, 0x2a, 0x00, 0x00, 0x80, 0x16, 0x00, // , 0, 20ns
    0x01, 0x00, 0x4c, 0x00, 0xf4, 0x81, 0x65, 0x00, // , tPROG, 20ns
    0xc2, 0x01, 0x3a, 0x80, 0xf4, 0x81, 0x16, 0x90, // , tPoll_p, 20ns

    // NAND_OP_READ_AND_DATA_OUT_SLC_1_PLANE_SUSPEND 1
    0xc6, 0x00, 0x4a, 0x10, 0xfa, 0x80, 0x16, 0x00, // , tPoll, 20ns
    0x04, 0x00, 0x2a, 0x10, 0x00, 0x80, 0x53, 0x00, // , 0, 20ns
    0x01, 0x00, 0x2a, 0x10, 0xed, 0x83, 0x20, 0x00, // , tWB+tR_s, 20ns
    0xc2, 0x00, 0x2a, 0x00, 0x32, 0x80, 0x16, 0x00, // , tPoll_R, 20ns
    0x00, 0x00, 0x2d, 0x80, 0x00, 0x80, 0x4a, 0x00, // , 0, 20ns

    // NAND_OP_READ_AND_DATA_OUT_SLC_2_PLANE_SUSPEND 1
    0xc6, 0x00, 0x4a, 0x10, 0xfa, 0x80, 0x16, 0x00, // , tPoll, 20ns
    0x04, 0x00, 0x2a, 0x10, 0x00, 0x80, 0x53, 0x00, // , 0, 20ns
    0x05, 0x00, 0x22, 0x10, 0x37, 0x80, 0x22, 0x00, // , tWB+tDBSY, 20ns
    0x01, 0x00, 0xa2, 0x10, 0xed, 0x83, 0x20, 0x10, // , tWB+tR_s, 20ns
    0xc2, 0x00, 0xa2, 0x05, 0x32, 0x80, 0x16, 0x10, // , tPoll_R, 20ns
    0x00, 0x00, 0x2d, 0x00, 0x00, 0x80, 0x4a, 0x10, // , 0, 20ns
    0x00, 0x00, 0xad, 0x80, 0x00, 0x80, 0x4a, 0x10, // , 0, 20ns

    // NAND_OP_READ_AND_DATA_OUT_MLC_1_PLANE_SUSPEND 1
    0xc6, 0x00, 0x4a, 0x10, 0xfa, 0x80, 0x16, 0x00, // , tPoll, 20ns
    0x04, 0x00, 0x2a, 0x10, 0x00, 0x80, 0x54, 0x00, // , 0, 20ns
    0x01, 0x00, 0x2a, 0x10, 0xd5, 0x87, 0x20, 0x00, // , tWB+tR, 20ns
    0xc2, 0x00, 0x2a, 0x00, 0x32, 0x80, 0x16, 0x00, // , tPoll_R, 20ns
    0x00, 0x00, 0x2d, 0x80, 0x00, 0x80, 0x4a, 0x00, // , 0, 20ns

    // NAND_OP_READ_AND_DATA_OUT_MLC_2_PLANE_SUSPEND 1
    0xc6, 0x00, 0x4a, 0x10, 0xfa, 0x80, 0x16, 0x00, // , tPoll, 20ns
    0x04, 0x00, 0x2a, 0x10, 0x00, 0x80, 0x54, 0x00, // , 0, 20ns
    0x05, 0x00, 0x22, 0x10, 0x37, 0x80, 0x22, 0x00, // , tWB+tDBSY, 20ns
    0x04, 0x00, 0x2a, 0x10, 0x00, 0x80, 0x54, 0x00, // , 0, 20ns
    0x01, 0x00, 0xa2, 0x10, 0xd5, 0x87, 0x20, 0x00, // , tWB+tR, 20ns
    0xc2, 0x00, 0xa2, 0x05, 0x32, 0x80, 0x16, 0x00, // , tPoll_R, 20ns
    0x00, 0x00, 0x2d, 0x00, 0x00, 0x80, 0x4a, 0x00, // , 0, 20ns
    0x00, 0x00, 0xa5, 0x80, 0x00, 0x80, 0x4a, 0x00, // , 0, 20ns

    // NAND_OP_READ_SLC_2_PLANE_AND_DATA_OUT_FROM_1_PAGE_SUSPEND 1
    0xc6, 0x00, 0x4a, 0x10, 0xfa, 0x80, 0x16, 0x00, // , tPoll, 20ns
    0x04, 0x00, 0x2a, 0x10, 0x00, 0x80, 0x53, 0x00, // , 0, 20ns
    0x05, 0x00, 0x22, 0x10, 0x37, 0x80, 0x22, 0x00, // , tWB+tDBSY, 20ns
    0x01, 0x00, 0xa2, 0x10, 0xed, 0x83, 0x20, 0x00, // , tWB+tR_s, 20ns
    0xc2, 0x00, 0xa2, 0x00, 0x32, 0x80, 0x16, 0x00, // , tPoll_R, 20ns
    0x00, 0x00, 0x2d, 0x80, 0x00, 0x80, 0x4a, 0x00, // , 0, 20ns

    // NAND_OP_PROGRAM_CACHE_SLC_1_PLANE_WITH_1P0V 1
    0xca, 0x00, 0x4b, 0x10, 0xfa, 0x80, 0x16, 0x80, // , tPoll, 20ns
    0x04, 0x00, 0x2d, 0x10, 0x00, 0x80, 0x46, 0x80, // , 0, 20ns
    0x04, 0x00, 0x2d, 0x10, 0x00, 0x80, 0x53, 0x80, // , 0, 20ns
    0x01, 0x00, 0x2d, 0x10, 0x37, 0x80, 0x2b, 0x80, // , tWB+tCBSY, 20ns
    0xc2, 0x08, 0x5a, 0x88, 0xf4, 0x81, 0x19, 0x80, // , tPoll_p, 20ns

    // NAND_OP_PROGRAM_CACHE_SLC_2_PLANE_WITH_1P0V 1
    0xca, 0x00, 0x4b, 0x10, 0xfa, 0x80, 0x16, 0x80, // , tPoll, 20ns
    0x04, 0x00, 0x2d, 0x10, 0x00, 0x80, 0x46, 0x80, // , 0, 20ns
    0x04, 0x00, 0x2d, 0x10, 0x00, 0x80, 0x53, 0x80, // , 0, 20ns
    0x05, 0x00, 0x25, 0x10, 0x37, 0x80, 0x33, 0x80, // , tWB+tDBSY, 20ns
    0x01, 0x00, 0xa5, 0x00, 0x37, 0x80, 0x3e, 0x80, // , tWB+tCBSY, 20ns
    0xc2, 0x08, 0x52, 0x08, 0xf4, 0x81, 0x19, 0x80, // , tPoll_p, 20ns
    0xc2, 0x08, 0xd2, 0x88, 0xf4, 0x81, 0x19, 0x80, // , tPoll_p, 20ns

    // NAND_OP_SET_PARAMETER_OVERLOAD 1
    0xa2, 0x00, 0x2a, 0x00, 0xfa, 0x80, 0x16, 0x00, // , tPoll, 20ns
    0x01, 0x00, 0x2a, 0x00, 0xf4, 0x41, 0x66, 0x00, // , tParaOver, 10us
    0x62, 0x00, 0x3a, 0x80, 0xfa, 0x80, 0x68, 0x00, // , tPoll, 20ns

    // NAND_OP_RECIPE_CHECK 1
    0xa2, 0x00, 0x2a, 0x00, 0xfa, 0x80, 0x16, 0x00, // , tPoll, 20ns
    0x01, 0x00, 0x3a, 0x80, 0x37, 0x80, 0x6b, 0x00, // , tWB+tFEAT, 20ns

    // NAND_OP_RELAX_READ_AND_DATA_OUT_MLC_1_PLANE 2
    0xa6, 0x00, 0x4a, 0x10, 0xfa, 0x80, 0x16, 0x00, // , tPoll, 20ns
    0x04, 0x00, 0x2a, 0x10, 0x00, 0x80, 0x6e, 0x00, // , 0, 20ns
    0x04, 0x00, 0x2a, 0x10, 0x00, 0x80, 0x54, 0x00, // , 0, 20ns
    0x01, 0x00, 0x2a, 0x10, 0xd5, 0x87, 0x20, 0x00, // , tWB+tR, 20ns
    0xc2, 0x00, 0x2a, 0x00, 0x32, 0x80, 0x16, 0x00, // , tPoll_R, 20ns
    0x00, 0x00, 0x2d, 0x80, 0x00, 0x80, 0x4a, 0x00, // , 0, 20ns

    // NAND_OP_RELAX_READ_AND_DATA_OUT_MLC_2_PLANE 2
    0xa6, 0x00, 0x4a, 0x10, 0xfa, 0x80, 0x16, 0x00, // , tPoll, 20ns
    0x04, 0x00, 0x2a, 0x10, 0x00, 0x80, 0x6e, 0x00, // , 0, 20ns
    0x04, 0x00, 0x2a, 0x10, 0x00, 0x80, 0x54, 0x00, // , 0, 20ns
    0x05, 0x00, 0x22, 0x10, 0x37, 0x80, 0x22, 0x00, // , tWB+tDBSY, 20ns
    0x04, 0x00, 0x2a, 0x10, 0x00, 0x80, 0x54, 0x00, // , 0, 20ns
    0x01, 0x00, 0xa2, 0x10, 0xd5, 0x87, 0x20, 0x00, // , tWB+tR, 20ns
    0xc2, 0x00, 0xa2, 0x00, 0x32, 0x80, 0x16, 0x00, // , tPoll_R, 20ns
    0x04, 0x00, 0x25, 0x00, 0x00, 0x80, 0x4a, 0x00, // , 0, 20ns
    0x00, 0x00, 0xa5, 0x80, 0x00, 0x80, 0x4a, 0x00, // , 0, 20ns

    // NAND_OP_RELAX_READ_MLC_2_PLANE_AND_DATA_OUT_FROM_1_PAGE 2
    0xa6, 0x00, 0x4a, 0x10, 0xfa, 0x80, 0x16, 0x00, // , tPoll, 20ns
    0x04, 0x00, 0x2a, 0x10, 0x00, 0x80, 0x6e, 0x00, // , 0, 20ns
    0x04, 0x00, 0x2a, 0x10, 0x00, 0x80, 0x54, 0x00, // , 0, 20ns
    0x05, 0x00, 0x22, 0x10, 0x37, 0x80, 0x22, 0x00, // , tWB+tDBSY, 20ns
    0x04, 0x00, 0x2a, 0x10, 0x00, 0x80, 0x54, 0x00, // , 0, 20ns
    0x01, 0x00, 0xa2, 0x10, 0xd5, 0x87, 0x20, 0x00, // , tWB+tR, 20ns
    0xc2, 0x00, 0xa2, 0x00, 0x32, 0x80, 0x16, 0x00, // , tPoll_R, 20ns
    0x00, 0x00, 0x2d, 0x80, 0x00, 0x80, 0x4a, 0x00, // , 0, 20ns

    // NAND_OP_RELAX_READ_MLC_1_PLANE 2
    0xa6, 0x00, 0x4a, 0x10, 0xfa, 0x80, 0x16, 0x00, // , tPoll, 20ns
    0x04, 0x00, 0x2a, 0x10, 0x00, 0x80, 0x6e, 0x00, // , 0, 20ns
    0x04, 0x00, 0x2a, 0x10, 0x00, 0x80, 0x54, 0x00, // , 0, 20ns
    0x01, 0x00, 0x2a, 0x10, 0xd5, 0x87, 0x20, 0x00, // , tWB+tR, 20ns
    0xc2, 0x00, 0x2a, 0x80, 0x32, 0x80, 0x16, 0x00, // , tPoll_R, 20ns

    // NAND_OP_RELAX_READ_MLC_2_PLANE 2
    0xa6, 0x00, 0x4a, 0x10, 0xfa, 0x80, 0x16, 0x00, // , tPoll, 20ns
    0x04, 0x00, 0x2a, 0x10, 0x00, 0x80, 0x6e, 0x00, // , 0, 20ns
    0x04, 0x00, 0x2a, 0x10, 0x00, 0x80, 0x54, 0x00, // , 0, 20ns
    0x05, 0x00, 0x22, 0x10, 0x37, 0x80, 0x22, 0x00, // , tWB+tDBSY, 20ns
    0x04, 0x00, 0x2a, 0x10, 0x00, 0x80, 0x54, 0x00, // , 0, 20ns
    0x01, 0x00, 0xa2, 0x10, 0xd5, 0x87, 0x20, 0x00, // , tWB+tR, 20ns
    0xc2, 0x00, 0x22, 0x00, 0x32, 0x80, 0x16, 0x00, // , tPoll_R, 20ns
    0xc2, 0x00, 0xa2, 0x80, 0x32, 0x80, 0x16, 0x00, // , tPoll_R, 20ns

    // NAND_OP_HARD_RESET 1
    0x01, 0x00, 0x6a, 0x00, 0x0b, 0x40, 0x6f, 0x00, // , tWB+tRST, 10us
    0xc2, 0x00, 0x6a, 0x80, 0xfa, 0x80, 0x13, 0x00 // , tPoll, 20ns

};
u16 g_nops_op_bin_size = sizeof(nops_op_bin);
